[2023-12-19 20:19:16] local.ERROR: file_put_contents(C:\Users\Afonso Viveiros\OneDrive\Documentos\lbaw23115\storage\framework/sessions/FrCDMcJ5TwHUm3wFCSxb7Ya7G2ZcGOE368EEtY35): Failed to open stream: No such file or directory {"exception":"[object] (ErrorException(code: 0): file_put_contents(C:\\Users\\Afonso Viveiros\\OneDrive\\Documentos\\lbaw23115\\storage\\framework/sessions/FrCDMcJ5TwHUm3wFCSxb7Ya7G2ZcGOE368EEtY35): Failed to open stream: No such file or directory at /mnt/c/Users/Afonso Viveiros/OneDrive/Documentos/lbaw23115/vendor/laravel/framework/src/Illuminate/Filesystem/Filesystem.php:205)
[stacktrace]
#0 /mnt/c/Users/Afonso Viveiros/OneDrive/Documentos/lbaw23115/vendor/laravel/framework/src/Illuminate/Foundation/Bootstrap/HandleExceptions.php(254): Illuminate\\Foundation\\Bootstrap\\HandleExceptions->handleError()
#1 [internal function]: Illuminate\\Foundation\\Bootstrap\\HandleExceptions->Illuminate\\Foundation\\Bootstrap\\{closure}()
#2 /mnt/c/Users/Afonso Viveiros/OneDrive/Documentos/lbaw23115/vendor/laravel/framework/src/Illuminate/Filesystem/Filesystem.php(205): file_put_contents()
#3 /mnt/c/Users/Afonso Viveiros/OneDrive/Documentos/lbaw23115/vendor/laravel/framework/src/Illuminate/Session/FileSessionHandler.php(90): Illuminate\\Filesystem\\Filesystem->put()
#4 /mnt/c/Users/Afonso Viveiros/OneDrive/Documentos/lbaw23115/vendor/laravel/framework/src/Illuminate/Session/Store.php(173): Illuminate\\Session\\FileSessionHandler->write()
#5 /mnt/c/Users/Afonso Viveiros/OneDrive/Documentos/lbaw23115/vendor/laravel/framework/src/Illuminate/Session/Middleware/StartSession.php(238): Illuminate\\Session\\Store->save()
#6 /mnt/c/Users/Afonso Viveiros/OneDrive/Documentos/lbaw23115/vendor/laravel/framework/src/Illuminate/Session/Middleware/StartSession.php(130): Illuminate\\Session\\Middleware\\StartSession->saveSession()
#7 /mnt/c/Users/Afonso Viveiros/OneDrive/Documentos/lbaw23115/vendor/laravel/framework/src/Illuminate/Session/Middleware/StartSession.php(64): Illuminate\\Session\\Middleware\\StartSession->handleStatefulRequest()
#8 /mnt/c/Users/Afonso Viveiros/OneDrive/Documentos/lbaw23115/vendor/laravel/framework/src/Illuminate/Pipeline/Pipeline.php(180): Illuminate\\Session\\Middleware\\StartSession->handle()
#9 /mnt/c/Users/Afonso Viveiros/OneDrive/Documentos/lbaw23115/vendor/laravel/framework/src/Illuminate/Cookie/Middleware/AddQueuedCookiesToResponse.php(37): Illuminate\\Pipeline\\Pipeline->Illuminate\\Pipeline\\{closure}()
#10 /mnt/c/Users/Afonso Viveiros/OneDrive/Documentos/lbaw23115/vendor/laravel/framework/src/Illuminate/Pipeline/Pipeline.php(180): Illuminate\\Cookie\\Middleware\\AddQueuedCookiesToResponse->handle()
#11 /mnt/c/Users/Afonso Viveiros/OneDrive/Documentos/lbaw23115/vendor/laravel/framework/src/Illuminate/Cookie/Middleware/EncryptCookies.php(67): Illuminate\\Pipeline\\Pipeline->Illuminate\\Pipeline\\{closure}()
#12 /mnt/c/Users/Afonso Viveiros/OneDrive/Documentos/lbaw23115/vendor/laravel/framework/src/Illuminate/Pipeline/Pipeline.php(180): Illuminate\\Cookie\\Middleware\\EncryptCookies->handle()
#13 /mnt/c/Users/Afonso Viveiros/OneDrive/Documentos/lbaw23115/vendor/laravel/framework/src/Illuminate/Pipeline/Pipeline.php(116): Illuminate\\Pipeline\\Pipeline->Illuminate\\Pipeline\\{closure}()
#14 /mnt/c/Users/Afonso Viveiros/OneDrive/Documentos/lbaw23115/vendor/laravel/framework/src/Illuminate/Routing/Router.php(800): Illuminate\\Pipeline\\Pipeline->then()
#15 /mnt/c/Users/Afonso Viveiros/OneDrive/Documentos/lbaw23115/vendor/laravel/framework/src/Illuminate/Routing/Router.php(777): Illuminate\\Routing\\Router->runRouteWithinStack()
#16 /mnt/c/Users/Afonso Viveiros/OneDrive/Documentos/lbaw23115/vendor/laravel/framework/src/Illuminate/Routing/Router.php(741): Illuminate\\Routing\\Router->runRoute()
#17 /mnt/c/Users/Afonso Viveiros/OneDrive/Documentos/lbaw23115/vendor/laravel/framework/src/Illuminate/Routing/Router.php(730): Illuminate\\Routing\\Router->dispatchToRoute()
#18 /mnt/c/Users/Afonso Viveiros/OneDrive/Documentos/lbaw23115/vendor/laravel/framework/src/Illuminate/Foundation/Http/Kernel.php(200): Illuminate\\Routing\\Router->dispatch()
#19 /mnt/c/Users/Afonso Viveiros/OneDrive/Documentos/lbaw23115/vendor/laravel/framework/src/Illuminate/Pipeline/Pipeline.php(141): Illuminate\\Foundation\\Http\\Kernel->Illuminate\\Foundation\\Http\\{closure}()
#20 /mnt/c/Users/Afonso Viveiros/OneDrive/Documentos/lbaw23115/vendor/laravel/framework/src/Illuminate/Foundation/Http/Middleware/TransformsRequest.php(21): Illuminate\\Pipeline\\Pipeline->Illuminate\\Pipeline\\{closure}()
#21 /mnt/c/Users/Afonso Viveiros/OneDrive/Documentos/lbaw23115/vendor/laravel/framework/src/Illuminate/Foundation/Http/Middleware/ConvertEmptyStringsToNull.php(31): Illuminate\\Foundation\\Http\\Middleware\\TransformsRequest->handle()
#22 /mnt/c/Users/Afonso Viveiros/OneDrive/Documentos/lbaw23115/vendor/laravel/framework/src/Illuminate/Pipeline/Pipeline.php(180): Illuminate\\Foundation\\Http\\Middleware\\ConvertEmptyStringsToNull->handle()
#23 /mnt/c/Users/Afonso Viveiros/OneDrive/Documentos/lbaw23115/vendor/laravel/framework/src/Illuminate/Foundation/Http/Middleware/TransformsRequest.php(21): Illuminate\\Pipeline\\Pipeline->Illuminate\\Pipeline\\{closure}()
#24 /mnt/c/Users/Afonso Viveiros/OneDrive/Documentos/lbaw23115/vendor/laravel/framework/src/Illuminate/Foundation/Http/Middleware/TrimStrings.php(40): Illuminate\\Foundation\\Http\\Middleware\\TransformsRequest->handle()
#25 /mnt/c/Users/Afonso Viveiros/OneDrive/Documentos/lbaw23115/vendor/laravel/framework/src/Illuminate/Pipeline/Pipeline.php(180): Illuminate\\Foundation\\Http\\Middleware\\TrimStrings->handle()
#26 /mnt/c/Users/Afonso Viveiros/OneDrive/Documentos/lbaw23115/vendor/laravel/framework/src/Illuminate/Foundation/Http/Middleware/ValidatePostSize.php(27): Illuminate\\Pipeline\\Pipeline->Illuminate\\Pipeline\\{closure}()
#27 /mnt/c/Users/Afonso Viveiros/OneDrive/Documentos/lbaw23115/vendor/laravel/framework/src/Illuminate/Pipeline/Pipeline.php(180): Illuminate\\Foundation\\Http\\Middleware\\ValidatePostSize->handle()
#28 /mnt/c/Users/Afonso Viveiros/OneDrive/Documentos/lbaw23115/vendor/laravel/framework/src/Illuminate/Foundation/Http/Middleware/PreventRequestsDuringMaintenance.php(99): Illuminate\\Pipeline\\Pipeline->Illuminate\\Pipeline\\{closure}()
#29 /mnt/c/Users/Afonso Viveiros/OneDrive/Documentos/lbaw23115/vendor/laravel/framework/src/Illuminate/Pipeline/Pipeline.php(180): Illuminate\\Foundation\\Http\\Middleware\\PreventRequestsDuringMaintenance->handle()
#30 /mnt/c/Users/Afonso Viveiros/OneDrive/Documentos/lbaw23115/vendor/laravel/framework/src/Illuminate/Http/Middleware/HandleCors.php(49): Illuminate\\Pipeline\\Pipeline->Illuminate\\Pipeline\\{closure}()
#31 /mnt/c/Users/Afonso Viveiros/OneDrive/Documentos/lbaw23115/vendor/laravel/framework/src/Illuminate/Pipeline/Pipeline.php(180): Illuminate\\Http\\Middleware\\HandleCors->handle()
#32 /mnt/c/Users/Afonso Viveiros/OneDrive/Documentos/lbaw23115/vendor/laravel/framework/src/Illuminate/Http/Middleware/TrustProxies.php(39): Illuminate\\Pipeline\\Pipeline->Illuminate\\Pipeline\\{closure}()
#33 /mnt/c/Users/Afonso Viveiros/OneDrive/Documentos/lbaw23115/vendor/laravel/framework/src/Illuminate/Pipeline/Pipeline.php(180): Illuminate\\Http\\Middleware\\TrustProxies->handle()
#34 /mnt/c/Users/Afonso Viveiros/OneDrive/Documentos/lbaw23115/vendor/laravel/framework/src/Illuminate/Pipeline/Pipeline.php(116): Illuminate\\Pipeline\\Pipeline->Illuminate\\Pipeline\\{closure}()
#35 /mnt/c/Users/Afonso Viveiros/OneDrive/Documentos/lbaw23115/vendor/laravel/framework/src/Illuminate/Foundation/Http/Kernel.php(175): Illuminate\\Pipeline\\Pipeline->then()
#36 /mnt/c/Users/Afonso Viveiros/OneDrive/Documentos/lbaw23115/vendor/laravel/framework/src/Illuminate/Foundation/Http/Kernel.php(144): Illuminate\\Foundation\\Http\\Kernel->sendRequestThroughRouter()
#37 /mnt/c/Users/Afonso Viveiros/OneDrive/Documentos/lbaw23115/public/index.php(52): Illuminate\\Foundation\\Http\\Kernel->handle()
#38 /mnt/c/Users/Afonso Viveiros/OneDrive/Documentos/lbaw23115/server.php(21): require_once('...')
#39 {main}
"} 
[2023-12-19 20:23:04] local.ERROR: file_put_contents(C:\Users\Afonso Viveiros\OneDrive\Documentos\lbaw23115\storage\framework/sessions/V6mvGa918lPuX11CNTm7vwL9bCzP7TjHxQd0FiwK): Failed to open stream: No such file or directory {"exception":"[object] (ErrorException(code: 0): file_put_contents(C:\\Users\\Afonso Viveiros\\OneDrive\\Documentos\\lbaw23115\\storage\\framework/sessions/V6mvGa918lPuX11CNTm7vwL9bCzP7TjHxQd0FiwK): Failed to open stream: No such file or directory at /mnt/c/Users/Afonso Viveiros/OneDrive/Documentos/lbaw23115/vendor/laravel/framework/src/Illuminate/Filesystem/Filesystem.php:205)
[stacktrace]
#0 /mnt/c/Users/Afonso Viveiros/OneDrive/Documentos/lbaw23115/vendor/laravel/framework/src/Illuminate/Foundation/Bootstrap/HandleExceptions.php(254): Illuminate\\Foundation\\Bootstrap\\HandleExceptions->handleError()
#1 [internal function]: Illuminate\\Foundation\\Bootstrap\\HandleExceptions->Illuminate\\Foundation\\Bootstrap\\{closure}()
#2 /mnt/c/Users/Afonso Viveiros/OneDrive/Documentos/lbaw23115/vendor/laravel/framework/src/Illuminate/Filesystem/Filesystem.php(205): file_put_contents()
#3 /mnt/c/Users/Afonso Viveiros/OneDrive/Documentos/lbaw23115/vendor/laravel/framework/src/Illuminate/Session/FileSessionHandler.php(90): Illuminate\\Filesystem\\Filesystem->put()
#4 /mnt/c/Users/Afonso Viveiros/OneDrive/Documentos/lbaw23115/vendor/laravel/framework/src/Illuminate/Session/Store.php(173): Illuminate\\Session\\FileSessionHandler->write()
#5 /mnt/c/Users/Afonso Viveiros/OneDrive/Documentos/lbaw23115/vendor/laravel/framework/src/Illuminate/Session/Middleware/StartSession.php(238): Illuminate\\Session\\Store->save()
#6 /mnt/c/Users/Afonso Viveiros/OneDrive/Documentos/lbaw23115/vendor/laravel/framework/src/Illuminate/Session/Middleware/StartSession.php(130): Illuminate\\Session\\Middleware\\StartSession->saveSession()
#7 /mnt/c/Users/Afonso Viveiros/OneDrive/Documentos/lbaw23115/vendor/laravel/framework/src/Illuminate/Session/Middleware/StartSession.php(64): Illuminate\\Session\\Middleware\\StartSession->handleStatefulRequest()
#8 /mnt/c/Users/Afonso Viveiros/OneDrive/Documentos/lbaw23115/vendor/laravel/framework/src/Illuminate/Pipeline/Pipeline.php(180): Illuminate\\Session\\Middleware\\StartSession->handle()
#9 /mnt/c/Users/Afonso Viveiros/OneDrive/Documentos/lbaw23115/vendor/laravel/framework/src/Illuminate/Cookie/Middleware/AddQueuedCookiesToResponse.php(37): Illuminate\\Pipeline\\Pipeline->Illuminate\\Pipeline\\{closure}()
#10 /mnt/c/Users/Afonso Viveiros/OneDrive/Documentos/lbaw23115/vendor/laravel/framework/src/Illuminate/Pipeline/Pipeline.php(180): Illuminate\\Cookie\\Middleware\\AddQueuedCookiesToResponse->handle()
#11 /mnt/c/Users/Afonso Viveiros/OneDrive/Documentos/lbaw23115/vendor/laravel/framework/src/Illuminate/Cookie/Middleware/EncryptCookies.php(67): Illuminate\\Pipeline\\Pipeline->Illuminate\\Pipeline\\{closure}()
#12 /mnt/c/Users/Afonso Viveiros/OneDrive/Documentos/lbaw23115/vendor/laravel/framework/src/Illuminate/Pipeline/Pipeline.php(180): Illuminate\\Cookie\\Middleware\\EncryptCookies->handle()
#13 /mnt/c/Users/Afonso Viveiros/OneDrive/Documentos/lbaw23115/vendor/laravel/framework/src/Illuminate/Pipeline/Pipeline.php(116): Illuminate\\Pipeline\\Pipeline->Illuminate\\Pipeline\\{closure}()
#14 /mnt/c/Users/Afonso Viveiros/OneDrive/Documentos/lbaw23115/vendor/laravel/framework/src/Illuminate/Routing/Router.php(800): Illuminate\\Pipeline\\Pipeline->then()
#15 /mnt/c/Users/Afonso Viveiros/OneDrive/Documentos/lbaw23115/vendor/laravel/framework/src/Illuminate/Routing/Router.php(777): Illuminate\\Routing\\Router->runRouteWithinStack()
#16 /mnt/c/Users/Afonso Viveiros/OneDrive/Documentos/lbaw23115/vendor/laravel/framework/src/Illuminate/Routing/Router.php(741): Illuminate\\Routing\\Router->runRoute()
#17 /mnt/c/Users/Afonso Viveiros/OneDrive/Documentos/lbaw23115/vendor/laravel/framework/src/Illuminate/Routing/Router.php(730): Illuminate\\Routing\\Router->dispatchToRoute()
#18 /mnt/c/Users/Afonso Viveiros/OneDrive/Documentos/lbaw23115/vendor/laravel/framework/src/Illuminate/Foundation/Http/Kernel.php(200): Illuminate\\Routing\\Router->dispatch()
#19 /mnt/c/Users/Afonso Viveiros/OneDrive/Documentos/lbaw23115/vendor/laravel/framework/src/Illuminate/Pipeline/Pipeline.php(141): Illuminate\\Foundation\\Http\\Kernel->Illuminate\\Foundation\\Http\\{closure}()
#20 /mnt/c/Users/Afonso Viveiros/OneDrive/Documentos/lbaw23115/vendor/laravel/framework/src/Illuminate/Foundation/Http/Middleware/TransformsRequest.php(21): Illuminate\\Pipeline\\Pipeline->Illuminate\\Pipeline\\{closure}()
#21 /mnt/c/Users/Afonso Viveiros/OneDrive/Documentos/lbaw23115/vendor/laravel/framework/src/Illuminate/Foundation/Http/Middleware/ConvertEmptyStringsToNull.php(31): Illuminate\\Foundation\\Http\\Middleware\\TransformsRequest->handle()
#22 /mnt/c/Users/Afonso Viveiros/OneDrive/Documentos/lbaw23115/vendor/laravel/framework/src/Illuminate/Pipeline/Pipeline.php(180): Illuminate\\Foundation\\Http\\Middleware\\ConvertEmptyStringsToNull->handle()
#23 /mnt/c/Users/Afonso Viveiros/OneDrive/Documentos/lbaw23115/vendor/laravel/framework/src/Illuminate/Foundation/Http/Middleware/TransformsRequest.php(21): Illuminate\\Pipeline\\Pipeline->Illuminate\\Pipeline\\{closure}()
#24 /mnt/c/Users/Afonso Viveiros/OneDrive/Documentos/lbaw23115/vendor/laravel/framework/src/Illuminate/Foundation/Http/Middleware/TrimStrings.php(40): Illuminate\\Foundation\\Http\\Middleware\\TransformsRequest->handle()
#25 /mnt/c/Users/Afonso Viveiros/OneDrive/Documentos/lbaw23115/vendor/laravel/framework/src/Illuminate/Pipeline/Pipeline.php(180): Illuminate\\Foundation\\Http\\Middleware\\TrimStrings->handle()
#26 /mnt/c/Users/Afonso Viveiros/OneDrive/Documentos/lbaw23115/vendor/laravel/framework/src/Illuminate/Foundation/Http/Middleware/ValidatePostSize.php(27): Illuminate\\Pipeline\\Pipeline->Illuminate\\Pipeline\\{closure}()
#27 /mnt/c/Users/Afonso Viveiros/OneDrive/Documentos/lbaw23115/vendor/laravel/framework/src/Illuminate/Pipeline/Pipeline.php(180): Illuminate\\Foundation\\Http\\Middleware\\ValidatePostSize->handle()
#28 /mnt/c/Users/Afonso Viveiros/OneDrive/Documentos/lbaw23115/vendor/laravel/framework/src/Illuminate/Foundation/Http/Middleware/PreventRequestsDuringMaintenance.php(99): Illuminate\\Pipeline\\Pipeline->Illuminate\\Pipeline\\{closure}()
#29 /mnt/c/Users/Afonso Viveiros/OneDrive/Documentos/lbaw23115/vendor/laravel/framework/src/Illuminate/Pipeline/Pipeline.php(180): Illuminate\\Foundation\\Http\\Middleware\\PreventRequestsDuringMaintenance->handle()
#30 /mnt/c/Users/Afonso Viveiros/OneDrive/Documentos/lbaw23115/vendor/laravel/framework/src/Illuminate/Http/Middleware/HandleCors.php(49): Illuminate\\Pipeline\\Pipeline->Illuminate\\Pipeline\\{closure}()
#31 /mnt/c/Users/Afonso Viveiros/OneDrive/Documentos/lbaw23115/vendor/laravel/framework/src/Illuminate/Pipeline/Pipeline.php(180): Illuminate\\Http\\Middleware\\HandleCors->handle()
#32 /mnt/c/Users/Afonso Viveiros/OneDrive/Documentos/lbaw23115/vendor/laravel/framework/src/Illuminate/Http/Middleware/TrustProxies.php(39): Illuminate\\Pipeline\\Pipeline->Illuminate\\Pipeline\\{closure}()
#33 /mnt/c/Users/Afonso Viveiros/OneDrive/Documentos/lbaw23115/vendor/laravel/framework/src/Illuminate/Pipeline/Pipeline.php(180): Illuminate\\Http\\Middleware\\TrustProxies->handle()
#34 /mnt/c/Users/Afonso Viveiros/OneDrive/Documentos/lbaw23115/vendor/laravel/framework/src/Illuminate/Pipeline/Pipeline.php(116): Illuminate\\Pipeline\\Pipeline->Illuminate\\Pipeline\\{closure}()
#35 /mnt/c/Users/Afonso Viveiros/OneDrive/Documentos/lbaw23115/vendor/laravel/framework/src/Illuminate/Foundation/Http/Kernel.php(175): Illuminate\\Pipeline\\Pipeline->then()
#36 /mnt/c/Users/Afonso Viveiros/OneDrive/Documentos/lbaw23115/vendor/laravel/framework/src/Illuminate/Foundation/Http/Kernel.php(144): Illuminate\\Foundation\\Http\\Kernel->sendRequestThroughRouter()
#37 /mnt/c/Users/Afonso Viveiros/OneDrive/Documentos/lbaw23115/public/index.php(52): Illuminate\\Foundation\\Http\\Kernel->handle()
#38 /mnt/c/Users/Afonso Viveiros/OneDrive/Documentos/lbaw23115/server.php(21): require_once('...')
#39 {main}
"} 
